Exception in thread "AWT-EventQueue-0" a.A: lateinit property  has not been initialized
	at dev.robocode.tankroyale.gui.player.LiveBattlePlayer.startWithLastGameSetup(Unknown Source)
	at dev.robocode.tankroyale.gui.player.LiveBattlePlayer.restart(Unknown Source)
	at dev.robocode.tankroyale.gui.client.Client.restartGame(Unknown Source)
	at dev.robocode.tankroyale.gui.ui.control.ControlEventHandlers.lambda$5$lambda$1(Unknown Source)
	at dev.robocode.tankroyale.gui.util.EDTKt.enqueue$lambda$1$lambda$0(Unknown Source)
	at dev.robocode.tankroyale.gui.util.EDT.enqueue$lambda$0(Unknown Source)
	at java.desktop/java.awt.event.InvocationEvent.dispatch(InvocationEvent.java:318)
	at java.desktop/java.awt.EventQueue.dispatchEventImpl(EventQueue.java:773)
	at java.desktop/java.awt.EventQueue$4.run(EventQueue.java:720)
	at java.desktop/java.awt.EventQueue$4.run(EventQueue.java:714)
	at java.base/java.security.AccessController.doPrivileged(AccessController.java:400)
	at java.base/java.security.ProtectionDomain$JavaSecurityAccessImpl.doIntersectionPrivilege(ProtectionDomain.java:87)
	at java.desktop/java.awt.EventQueue.dispatchEvent(EventQueue.java:742)
	at java.desktop/java.awt.EventDispatchThread.pumpOneEventForFilters(EventDispatchThread.java:203)
	at java.desktop/java.awt.EventDispatchThread.pumpEventsForFilter(EventDispatchThread.java:124)
	at java.desktop/java.awt.EventDispatchThread.pumpEventsForHierarchy(EventDispatchThread.java:113)
	at java.desktop/java.awt.EventDispatchThread.pumpEvents(EventDispatchThread.java:109)
	at java.desktop/java.awt.EventDispatchThread.pumpEvents(EventDispatchThread.java:101)
	at java.desktop/java.awt.EventDispatchThread.run(EventDispatchThread.java:90)
